<?xml version="1.0" encoding="UTF-8"?>
<testsuite xmlns:xsi="http://www.w3.org/2001/XMLSchema-instance" xsi:noNamespaceSchemaLocation="https://maven.apache.org/surefire/maven-surefire-plugin/xsd/surefire-test-report-3.0.xsd" version="3.0" name="TestSuite" time="27.371" tests="1" errors="0" skipped="0" failures="1">
  <properties>
[...]
</properties>
  <testcase name="ifCostsFromEmailAndCalculatorEqual" classname="test.testIfTheCostsCoincide" time="22.775">
    <failure message="Expected condition failed: waiting for presence of element located by: By.xpath: //devsite-iframe//iframe[@allow=&apos;clipboard-write https://cloud-dot-devsite-v2-prod.appspot.com&apos;] (tried for 10 second(s) with 500 milliseconds interval)" type="org.openqa.selenium.TimeoutException"><![CDATA[org.openqa.selenium.TimeoutException: Expected condition failed: waiting for presence of element located by: By.xpath: //devsite-iframe//iframe[@allow='clipboard-write https://cloud-dot-devsite-v2-prod.appspot.com'] (tried for 10 second(s) with 500 milliseconds interval)
	at test.testIfTheCostsCoincide.ifCostsFromEmailAndCalculatorEqual(testIfTheCostsCoincide.java:28)
Caused by: org.openqa.selenium.NoSuchElementException: 
no such element: Unable to locate element: {"method":"xpath","selector":"//devsite-iframe//iframe[@allow='clipboard-write https://cloud-dot-devsite-v2-prod.appspot.com']"}
  (Session info: chrome=99.0.4844.51)
For documentation on this error, please visit: https://selenium.dev/exceptions/#no_such_element
Build info: version: '4.0.0', revision: '3a21814679'
System info: host: 'DESKTOP-P409EGR', ip: '192.168.100.24', os.name: 'Windows 10', os.arch: 'amd64', os.version: '10.0', java.version: '1.8.0_301'
Driver info: org.openqa.selenium.chrome.ChromeDriver
Command: [a1fc0cd1d3fd97b0c6d71a350eddbd00, findElement {using=xpath, value=//devsite-iframe//iframe[@allow='clipboard-write https://cloud-dot-devsite-v2-prod.appspot.com']}]
Capabilities {acceptInsecureCerts: false, browserName: chrome, browserVersion: 99.0.4844.51, chrome: {chromedriverVersion: 99.0.4844.51 (d537ec02474b5..., userDataDir: C:\Users\user\AppData\Local...}, goog:chromeOptions: {debuggerAddress: localhost:7613}, javascriptEnabled: true, networkConnectionEnabled: false, pageLoadStrategy: normal, platform: WINDOWS, platformName: WINDOWS, proxy: Proxy(), se:cdp: ws://localhost:7613/devtool..., se:cdpVersion: 99.0.4844.51, setWindowRect: true, strictFileInteractability: false, timeouts: {implicit: 0, pageLoad: 300000, script: 30000}, unhandledPromptBehavior: dismiss and notify, webauthn:extension:credBlob: true, webauthn:extension:largeBlob: true, webauthn:virtualAuthenticators: true}
Session ID: a1fc0cd1d3fd97b0c6d71a350eddbd00
	at test.testIfTheCostsCoincide.ifCostsFromEmailAndCalculatorEqual(testIfTheCostsCoincide.java:28)
]]></failure>
    <system-out><![CDATA[2022-03-17 13:22:28,975 DEBUG logging.InternalLoggerFactory [main] io.netty.util.internal.logging.InternalLoggerFactory.useLog4J2LoggerFactory(InternalLoggerFactory.java:76) Using Log4J2 as the default logging framework
2022-03-17 13:22:28,983 DEBUG util.ResourceLeakDetector [main] io.netty.util.ResourceLeakDetector.<clinit>(ResourceLeakDetector.java:129) -Dio.netty.leakDetection.level: simple
2022-03-17 13:22:28,983 DEBUG util.ResourceLeakDetector [main] io.netty.util.ResourceLeakDetector.<clinit>(ResourceLeakDetector.java:130) -Dio.netty.leakDetection.targetRecords: 4
2022-03-17 13:22:28,987 DEBUG util.ResourceLeakDetectorFactory [main] io.netty.util.ResourceLeakDetectorFactory$DefaultResourceLeakDetectorFactory.newResourceLeakDetector(ResourceLeakDetectorFactory.java:196) Loaded default ResourceLeakDetector: io.netty.util.ResourceLeakDetector@75e91545
2022-03-17 13:22:29,004 DEBUG internal.PlatformDependent0 [main] io.netty.util.internal.PlatformDependent0.explicitNoUnsafeCause0(PlatformDependent0.java:460) -Dio.netty.noUnsafe: false
2022-03-17 13:22:29,004 DEBUG internal.PlatformDependent0 [main] io.netty.util.internal.PlatformDependent0.javaVersion0(PlatformDependent0.java:954) Java version: 8
2022-03-17 13:22:29,005 DEBUG internal.PlatformDependent0 [main] io.netty.util.internal.PlatformDependent0.<clinit>(PlatformDependent0.java:135) sun.misc.Unsafe.theUnsafe: available
2022-03-17 13:22:29,006 DEBUG internal.PlatformDependent0 [main] io.netty.util.internal.PlatformDependent0.<clinit>(PlatformDependent0.java:159) sun.misc.Unsafe.copyMemory: available
2022-03-17 13:22:29,007 DEBUG internal.PlatformDependent0 [main] io.netty.util.internal.PlatformDependent0.<clinit>(PlatformDependent0.java:202) java.nio.Buffer.address: available
2022-03-17 13:22:29,008 DEBUG internal.PlatformDependent0 [main] io.netty.util.internal.PlatformDependent0.<clinit>(PlatformDependent0.java:272) direct buffer constructor: available
2022-03-17 13:22:29,009 DEBUG internal.PlatformDependent0 [main] io.netty.util.internal.PlatformDependent0.<clinit>(PlatformDependent0.java:350) java.nio.Bits.unaligned: available, true
2022-03-17 13:22:29,009 DEBUG internal.PlatformDependent0 [main] io.netty.util.internal.PlatformDependent0.<clinit>(PlatformDependent0.java:424) jdk.internal.misc.Unsafe.allocateUninitializedArray(int): unavailable prior to Java9
2022-03-17 13:22:29,009 DEBUG internal.PlatformDependent0 [main] io.netty.util.internal.PlatformDependent0.<clinit>(PlatformDependent0.java:446) java.nio.DirectByteBuffer.<init>(long, int): available
2022-03-17 13:22:29,009 DEBUG internal.PlatformDependent [main] io.netty.util.internal.PlatformDependent.unsafeUnavailabilityCause0(PlatformDependent.java:1103) sun.misc.Unsafe: available
2022-03-17 13:22:29,010 DEBUG internal.PlatformDependent [main] io.netty.util.internal.PlatformDependent.tmpdir0(PlatformDependent.java:1224) -Dio.netty.tmpdir: C:\Users\user\AppData\Local\Temp (java.io.tmpdir)
2022-03-17 13:22:29,011 DEBUG internal.PlatformDependent [main] io.netty.util.internal.PlatformDependent.bitMode0(PlatformDependent.java:1303) -Dio.netty.bitMode: 64 (sun.arch.data.model)
2022-03-17 13:22:29,012 DEBUG internal.PlatformDependent [main] io.netty.util.internal.PlatformDependent.isWindows0(PlatformDependent.java:1063) Platform: Windows
2022-03-17 13:22:29,014 DEBUG internal.PlatformDependent [main] io.netty.util.internal.PlatformDependent.<clinit>(PlatformDependent.java:178) -Dio.netty.maxDirectMemory: 3808428032 bytes
2022-03-17 13:22:29,015 DEBUG internal.PlatformDependent [main] io.netty.util.internal.PlatformDependent.<clinit>(PlatformDependent.java:185) -Dio.netty.uninitializedArrayAllocationThreshold: -1
2022-03-17 13:22:29,017 DEBUG internal.CleanerJava6 [main] io.netty.util.internal.CleanerJava6.<clinit>(CleanerJava6.java:92) java.nio.ByteBuffer.cleaner(): available
2022-03-17 13:22:29,017 DEBUG internal.PlatformDependent [main] io.netty.util.internal.PlatformDependent.<clinit>(PlatformDependent.java:205) -Dio.netty.noPreferDirect: false
2022-03-17 13:22:29,025 DEBUG internal.PlatformDependent [main] io.netty.util.internal.PlatformDependent$Mpsc.<clinit>(PlatformDependent.java:967) org.jctools-core.MpscChunkedArrayQueue: available
2022-03-17 13:22:29,043 DEBUG internal.InternalThreadLocalMap [main] io.netty.util.internal.InternalThreadLocalMap.<clinit>(InternalThreadLocalMap.java:83) -Dio.netty.threadLocalMap.stringBuilder.initialSize: 1024
2022-03-17 13:22:29,044 DEBUG internal.InternalThreadLocalMap [main] io.netty.util.internal.InternalThreadLocalMap.<clinit>(InternalThreadLocalMap.java:86) -Dio.netty.threadLocalMap.stringBuilder.maxSize: 4096
2022-03-17 13:22:29,067 DEBUG ssl.JdkSslContext [main] io.netty.handler.ssl.JdkSslContext.<clinit>(JdkSslContext.java:97) Default protocols (JDK): [TLSv1.2] 
2022-03-17 13:22:29,068 DEBUG ssl.JdkSslContext [main] io.netty.handler.ssl.JdkSslContext.<clinit>(JdkSslContext.java:98) Default cipher suites (JDK): [TLS_ECDHE_ECDSA_WITH_AES_256_GCM_SHA384, TLS_ECDHE_ECDSA_WITH_AES_128_GCM_SHA256, TLS_ECDHE_RSA_WITH_AES_128_GCM_SHA256, TLS_ECDHE_RSA_WITH_AES_256_GCM_SHA384, TLS_ECDHE_RSA_WITH_AES_128_CBC_SHA, TLS_ECDHE_RSA_WITH_AES_256_CBC_SHA, TLS_RSA_WITH_AES_128_GCM_SHA256, TLS_RSA_WITH_AES_128_CBC_SHA, TLS_RSA_WITH_AES_256_CBC_SHA, TLS_AES_128_GCM_SHA256, TLS_AES_256_GCM_SHA384]
2022-03-17 13:22:29,095 DEBUG channel.MultithreadEventLoopGroup [main] io.netty.channel.MultithreadEventLoopGroup.<clinit>(MultithreadEventLoopGroup.java:44) -Dio.netty.eventLoopThreads: 8
2022-03-17 13:22:29,103 DEBUG nio.NioEventLoop [main] io.netty.channel.nio.NioEventLoop.<clinit>(NioEventLoop.java:106) -Dio.netty.noKeySetOptimization: false
2022-03-17 13:22:29,103 DEBUG nio.NioEventLoop [main] io.netty.channel.nio.NioEventLoop.<clinit>(NioEventLoop.java:107) -Dio.netty.selectorAutoRebuildThreshold: 512
2022-03-17 13:22:29,112 TRACE nio.NioEventLoop [main] io.netty.channel.nio.NioEventLoop.openSelector(NioEventLoop.java:260) instrumented a special java.util.Set into: sun.nio.ch.WindowsSelectorImpl@172ca72b
2022-03-17 13:22:29,113 TRACE nio.NioEventLoop [main] io.netty.channel.nio.NioEventLoop.openSelector(NioEventLoop.java:260) instrumented a special java.util.Set into: sun.nio.ch.WindowsSelectorImpl@2ce86164
2022-03-17 13:22:29,114 TRACE nio.NioEventLoop [main] io.netty.channel.nio.NioEventLoop.openSelector(NioEventLoop.java:260) instrumented a special java.util.Set into: sun.nio.ch.WindowsSelectorImpl@5e8f9e2d
2022-03-17 13:22:29,115 TRACE nio.NioEventLoop [main] io.netty.channel.nio.NioEventLoop.openSelector(NioEventLoop.java:260) instrumented a special java.util.Set into: sun.nio.ch.WindowsSelectorImpl@51df223b
2022-03-17 13:22:29,116 TRACE nio.NioEventLoop [main] io.netty.channel.nio.NioEventLoop.openSelector(NioEventLoop.java:260) instrumented a special java.util.Set into: sun.nio.ch.WindowsSelectorImpl@fd46303
2022-03-17 13:22:29,117 TRACE nio.NioEventLoop [main] io.netty.channel.nio.NioEventLoop.openSelector(NioEventLoop.java:260) instrumented a special java.util.Set into: sun.nio.ch.WindowsSelectorImpl@60d8c0dc
2022-03-17 13:22:29,117 TRACE nio.NioEventLoop [main] io.netty.channel.nio.NioEventLoop.openSelector(NioEventLoop.java:260) instrumented a special java.util.Set into: sun.nio.ch.WindowsSelectorImpl@4204541c
2022-03-17 13:22:29,119 TRACE nio.NioEventLoop [main] io.netty.channel.nio.NioEventLoop.openSelector(NioEventLoop.java:260) instrumented a special java.util.Set into: sun.nio.ch.WindowsSelectorImpl@6a62689d
2022-03-17 13:22:29,138 DEBUG buffer.PooledByteBufAllocator [main] io.netty.buffer.PooledByteBufAllocator.<clinit>(PooledByteBufAllocator.java:155) -Dio.netty.allocator.numHeapArenas: 8
2022-03-17 13:22:29,138 DEBUG buffer.PooledByteBufAllocator [main] io.netty.buffer.PooledByteBufAllocator.<clinit>(PooledByteBufAllocator.java:156) -Dio.netty.allocator.numDirectArenas: 8
2022-03-17 13:22:29,139 DEBUG buffer.PooledByteBufAllocator [main] io.netty.buffer.PooledByteBufAllocator.<clinit>(PooledByteBufAllocator.java:158) -Dio.netty.allocator.pageSize: 8192
2022-03-17 13:22:29,139 DEBUG buffer.PooledByteBufAllocator [main] io.netty.buffer.PooledByteBufAllocator.<clinit>(PooledByteBufAllocator.java:163) -Dio.netty.allocator.maxOrder: 11
2022-03-17 13:22:29,139 DEBUG buffer.PooledByteBufAllocator [main] io.netty.buffer.PooledByteBufAllocator.<clinit>(PooledByteBufAllocator.java:167) -Dio.netty.allocator.chunkSize: 16777216
2022-03-17 13:22:29,139 DEBUG buffer.PooledByteBufAllocator [main] io.netty.buffer.PooledByteBufAllocator.<clinit>(PooledByteBufAllocator.java:168) -Dio.netty.allocator.smallCacheSize: 256
2022-03-17 13:22:29,139 DEBUG buffer.PooledByteBufAllocator [main] io.netty.buffer.PooledByteBufAllocator.<clinit>(PooledByteBufAllocator.java:169) -Dio.netty.allocator.normalCacheSize: 64
2022-03-17 13:22:29,140 DEBUG buffer.PooledByteBufAllocator [main] io.netty.buffer.PooledByteBufAllocator.<clinit>(PooledByteBufAllocator.java:170) -Dio.netty.allocator.maxCachedBufferCapacity: 32768
2022-03-17 13:22:29,140 DEBUG buffer.PooledByteBufAllocator [main] io.netty.buffer.PooledByteBufAllocator.<clinit>(PooledByteBufAllocator.java:171) -Dio.netty.allocator.cacheTrimInterval: 8192
2022-03-17 13:22:29,140 DEBUG buffer.PooledByteBufAllocator [main] io.netty.buffer.PooledByteBufAllocator.<clinit>(PooledByteBufAllocator.java:172) -Dio.netty.allocator.cacheTrimIntervalMillis: 0
2022-03-17 13:22:29,140 DEBUG buffer.PooledByteBufAllocator [main] io.netty.buffer.PooledByteBufAllocator.<clinit>(PooledByteBufAllocator.java:173) -Dio.netty.allocator.useCacheForAllThreads: true
2022-03-17 13:22:29,140 DEBUG buffer.PooledByteBufAllocator [main] io.netty.buffer.PooledByteBufAllocator.<clinit>(PooledByteBufAllocator.java:174) -Dio.netty.allocator.maxCachedByteBuffersPerChunk: 1023
2022-03-17 13:22:29,149 DEBUG buffer.ByteBufUtil [main] io.netty.buffer.ByteBufUtil.<clinit>(ByteBufUtil.java:87) -Dio.netty.allocator.type: pooled
2022-03-17 13:22:29,149 DEBUG buffer.ByteBufUtil [main] io.netty.buffer.ByteBufUtil.<clinit>(ByteBufUtil.java:96) -Dio.netty.threadLocalDirectBufferSize: 0
2022-03-17 13:22:29,149 DEBUG buffer.ByteBufUtil [main] io.netty.buffer.ByteBufUtil.<clinit>(ByteBufUtil.java:99) -Dio.netty.maxThreadLocalCharBufferSize: 16384
2022-03-17 13:22:29,937 DEBUG channel.DefaultChannelId [Forwarding newSession on session null to remote] io.netty.channel.DefaultChannelId.<clinit>(DefaultChannelId.java:79) -Dio.netty.processId: 15248 (auto-detected)
2022-03-17 13:22:29,939 DEBUG util.NetUtil [Forwarding newSession on session null to remote] io.netty.util.NetUtil.<clinit>(NetUtil.java:135) -Djava.net.preferIPv4Stack: false
2022-03-17 13:22:29,940 DEBUG util.NetUtil [Forwarding newSession on session null to remote] io.netty.util.NetUtil.<clinit>(NetUtil.java:136) -Djava.net.preferIPv6Addresses: false
2022-03-17 13:22:29,976 DEBUG util.NetUtilInitializations [Forwarding newSession on session null to remote] io.netty.util.NetUtilInitializations.determineLoopback(NetUtilInitializations.java:129) Loopback interface: lo (Software Loopback Interface 1, 127.0.0.1)
2022-03-17 13:22:29,978 DEBUG util.NetUtil [Forwarding newSession on session null to remote] io.netty.util.NetUtil$1.run(NetUtil.java:187) Failed to get SOMAXCONN from sysctl and file \proc\sys\net\core\somaxconn. Default: 200
2022-03-17 13:22:30,016 DEBUG channel.DefaultChannelId [Forwarding newSession on session null to remote] io.netty.channel.DefaultChannelId.<clinit>(DefaultChannelId.java:101) -Dio.netty.machineId: 1c:1b:0d:ff:fe:e6:d3:4c (auto-detected)
2022-03-17 13:22:30,058 DEBUG buffer.AbstractByteBuf [AsyncHttpClient-1-2] io.netty.buffer.AbstractByteBuf.<clinit>(AbstractByteBuf.java:63) -Dio.netty.buffer.checkAccessible: true
2022-03-17 13:22:30,058 DEBUG buffer.AbstractByteBuf [AsyncHttpClient-1-2] io.netty.buffer.AbstractByteBuf.<clinit>(AbstractByteBuf.java:64) -Dio.netty.buffer.checkBounds: true
2022-03-17 13:22:30,058 DEBUG util.ResourceLeakDetectorFactory [AsyncHttpClient-1-2] io.netty.util.ResourceLeakDetectorFactory$DefaultResourceLeakDetectorFactory.newResourceLeakDetector(ResourceLeakDetectorFactory.java:196) Loaded default ResourceLeakDetector: io.netty.util.ResourceLeakDetector@523f12d0
2022-03-17 13:22:30,077 DEBUG util.Recycler [AsyncHttpClient-1-2] io.netty.util.Recycler.<clinit>(Recycler.java:103) -Dio.netty.recycler.maxCapacityPerThread: 4096
2022-03-17 13:22:30,077 DEBUG util.Recycler [AsyncHttpClient-1-2] io.netty.util.Recycler.<clinit>(Recycler.java:104) -Dio.netty.recycler.maxSharedCapacityFactor: 2
2022-03-17 13:22:30,078 DEBUG util.Recycler [AsyncHttpClient-1-2] io.netty.util.Recycler.<clinit>(Recycler.java:105) -Dio.netty.recycler.linkCapacity: 16
2022-03-17 13:22:30,078 DEBUG util.Recycler [AsyncHttpClient-1-2] io.netty.util.Recycler.<clinit>(Recycler.java:106) -Dio.netty.recycler.ratio: 8
2022-03-17 13:22:30,078 DEBUG util.Recycler [AsyncHttpClient-1-2] io.netty.util.Recycler.<clinit>(Recycler.java:107) -Dio.netty.recycler.delayedQueue.ratio: 8
2022-03-17 13:22:30,641 DEBUG compression.Brotli [AsyncHttpClient-1-2] io.netty.handler.codec.compression.Brotli.<clinit>(Brotli.java:38) brotli4j not in the classpath; Brotli support will be unavailable.
2022-03-17 13:22:30,739 DEBUG internal.ThreadLocalRandom [main] io.netty.util.internal.ThreadLocalRandom.newSeed(ThreadLocalRandom.java:214) -Dio.netty.initialSeedUniquifier: 0xb5573a528128629f
]]></system-out>
    <system-err><![CDATA[SLF4J: Failed to load class "org.slf4j.impl.StaticLoggerBinder".
SLF4J: Defaulting to no-operation (NOP) logger implementation
SLF4J: See http://www.slf4j.org/codes.html#StaticLoggerBinder for further details.
Starting ChromeDriver 99.0.4844.51 (d537ec02474b5afe23684e7963d538896c63ac77-refs/branch-heads/4844@{#875}) on port 60167
Only local connections are allowed.
Please see https://chromedriver.chromium.org/security-considerations for suggestions on keeping ChromeDriver safe.
ChromeDriver was started successfully.
мар 17, 2022 1:22:30 PM org.openqa.selenium.remote.ProtocolHandshake createSession
INFO: Detected dialect: W3C
мар 17, 2022 1:22:30 PM org.openqa.selenium.devtools.CdpVersionFinder findNearestMatch
WARNING: Unable to find an exact match for CDP version 99, so returning the closest version found: 95
мар 17, 2022 1:22:30 PM org.openqa.selenium.devtools.CdpVersionFinder findNearestMatch
INFO: Found CDP implementation for version 99 of 95
]]></system-err>
  </testcase>
</testsuite>